19-Sep-2017 22:41:54.385 INFO [main] org.apache.catalina.startup.VersionLoggerListener.log Server version:        Apache Tomcat/9.0.0.M26
19-Sep-2017 22:41:54.401 INFO [main] org.apache.catalina.startup.VersionLoggerListener.log Server built:          Aug 2 2017 20:29:05 UTC
19-Sep-2017 22:41:54.401 INFO [main] org.apache.catalina.startup.VersionLoggerListener.log Server number:         9.0.0.0
19-Sep-2017 22:41:54.401 INFO [main] org.apache.catalina.startup.VersionLoggerListener.log OS Name:               Windows 10
19-Sep-2017 22:41:54.401 INFO [main] org.apache.catalina.startup.VersionLoggerListener.log OS Version:            10.0
19-Sep-2017 22:41:54.401 INFO [main] org.apache.catalina.startup.VersionLoggerListener.log Architecture:          amd64
19-Sep-2017 22:41:54.401 INFO [main] org.apache.catalina.startup.VersionLoggerListener.log Java Home:             C:\Program Files\Java\jdk1.8.0_131\jre
19-Sep-2017 22:41:54.401 INFO [main] org.apache.catalina.startup.VersionLoggerListener.log JVM Version:           1.8.0_131-b11
19-Sep-2017 22:41:54.401 INFO [main] org.apache.catalina.startup.VersionLoggerListener.log JVM Vendor:            Oracle Corporation
19-Sep-2017 22:41:54.401 INFO [main] org.apache.catalina.startup.VersionLoggerListener.log CATALINA_BASE:         C:\JavaProject\tomcat
19-Sep-2017 22:41:54.401 INFO [main] org.apache.catalina.startup.VersionLoggerListener.log CATALINA_HOME:         C:\JavaProject\tomcat
19-Sep-2017 22:41:54.401 INFO [main] org.apache.catalina.startup.VersionLoggerListener.log Command line argument: -Djava.util.logging.config.file=C:\JavaProject\tomcat\conf\logging.properties
19-Sep-2017 22:41:54.401 INFO [main] org.apache.catalina.startup.VersionLoggerListener.log Command line argument: -Djava.util.logging.manager=org.apache.juli.ClassLoaderLogManager
19-Sep-2017 22:41:54.401 INFO [main] org.apache.catalina.startup.VersionLoggerListener.log Command line argument: -Djdk.tls.ephemeralDHKeySize=2048
19-Sep-2017 22:41:54.401 INFO [main] org.apache.catalina.startup.VersionLoggerListener.log Command line argument: -Djava.protocol.handler.pkgs=org.apache.catalina.webresources
19-Sep-2017 22:41:54.401 INFO [main] org.apache.catalina.startup.VersionLoggerListener.log Command line argument: -Dcatalina.base=C:\JavaProject\tomcat
19-Sep-2017 22:41:54.401 INFO [main] org.apache.catalina.startup.VersionLoggerListener.log Command line argument: -Dcatalina.home=C:\JavaProject\tomcat
19-Sep-2017 22:41:54.401 INFO [main] org.apache.catalina.startup.VersionLoggerListener.log Command line argument: -Djava.io.tmpdir=C:\JavaProject\tomcat\temp
19-Sep-2017 22:41:54.401 INFO [main] org.apache.catalina.core.AprLifecycleListener.lifecycleEvent The APR based Apache Tomcat Native library which allows optimal performance in production environments was not found on the java.library.path: [C:\Program Files\Java\jdk1.8.0_131\bin;C:\Windows\Sun\Java\bin;C:\Windows\system32;C:\Windows;C:\ProgramData\Oracle\Java\javapath;C:\Program Files (x86)\Intel\iCLS Client\;C:\Program Files\Intel\iCLS Client\;C:\Windows\system32;C:\Windows;C:\Windows\System32\Wbem;C:\Windows\System32\WindowsPowerShell\v1.0\;C:\Program Files (x86)\Intel\Intel(R) Management Engine Components\DAL;C:\Program Files\Intel\Intel(R) Management Engine Components\DAL;C:\Program Files (x86)\Intel\Intel(R) Management Engine Components\IPT;C:\Program Files\Intel\Intel(R) Management Engine Components\IPT;C:\Program Files\Java\jdk1.8.0_131\bin;C:\Users\anilk\AppData\Local\Microsoft\WindowsApps;;.]
19-Sep-2017 22:41:54.854 INFO [main] org.apache.coyote.AbstractProtocol.init Initializing ProtocolHandler ["http-nio-9999"]
19-Sep-2017 22:41:54.923 INFO [main] org.apache.tomcat.util.net.NioSelectorPool.getSharedSelector Using a shared selector for servlet write/read
19-Sep-2017 22:41:54.939 INFO [main] org.apache.coyote.AbstractProtocol.init Initializing ProtocolHandler ["ajp-nio-8009"]
19-Sep-2017 22:41:54.942 INFO [main] org.apache.tomcat.util.net.NioSelectorPool.getSharedSelector Using a shared selector for servlet write/read
19-Sep-2017 22:41:54.942 INFO [main] org.apache.catalina.startup.Catalina.load Initialization processed in 888 ms
19-Sep-2017 22:41:54.970 INFO [main] org.apache.catalina.core.StandardService.startInternal Starting service [Catalina]
19-Sep-2017 22:41:54.970 INFO [main] org.apache.catalina.core.StandardEngine.startInternal Starting Servlet Engine: Apache Tomcat/9.0.0.M26
19-Sep-2017 22:41:54.986 INFO [main] org.apache.catalina.startup.HostConfig.deployDirectory Deploying web application directory [C:\JavaProject\tomcat\webapps\docs]
19-Sep-2017 22:41:55.303 INFO [main] org.apache.catalina.startup.HostConfig.deployDirectory Deployment of web application directory [C:\JavaProject\tomcat\webapps\docs] has finished in [317] ms
19-Sep-2017 22:41:55.303 INFO [main] org.apache.catalina.startup.HostConfig.deployDirectory Deploying web application directory [C:\JavaProject\tomcat\webapps\examples]
19-Sep-2017 22:41:55.671 INFO [main] org.apache.catalina.startup.HostConfig.deployDirectory Deployment of web application directory [C:\JavaProject\tomcat\webapps\examples] has finished in [367] ms
19-Sep-2017 22:41:55.671 INFO [main] org.apache.catalina.startup.HostConfig.deployDirectory Deploying web application directory [C:\JavaProject\tomcat\webapps\host-manager]
19-Sep-2017 22:41:55.701 INFO [main] org.apache.catalina.startup.HostConfig.deployDirectory Deployment of web application directory [C:\JavaProject\tomcat\webapps\host-manager] has finished in [30] ms
19-Sep-2017 22:41:55.701 INFO [main] org.apache.catalina.startup.HostConfig.deployDirectory Deploying web application directory [C:\JavaProject\tomcat\webapps\manager]
19-Sep-2017 22:41:55.733 INFO [main] org.apache.catalina.startup.HostConfig.deployDirectory Deployment of web application directory [C:\JavaProject\tomcat\webapps\manager] has finished in [32] ms
19-Sep-2017 22:41:55.733 INFO [main] org.apache.catalina.startup.HostConfig.deployDirectory Deploying web application directory [C:\JavaProject\tomcat\webapps\ROOT]
19-Sep-2017 22:41:55.748 INFO [main] org.apache.catalina.startup.HostConfig.deployDirectory Deployment of web application directory [C:\JavaProject\tomcat\webapps\ROOT] has finished in [15] ms
19-Sep-2017 22:41:55.748 INFO [main] org.apache.coyote.AbstractProtocol.start Starting ProtocolHandler ["http-nio-9999"]
19-Sep-2017 22:41:55.748 INFO [main] org.apache.coyote.AbstractProtocol.start Starting ProtocolHandler ["ajp-nio-8009"]
19-Sep-2017 22:41:55.748 INFO [main] org.apache.catalina.startup.Catalina.start Server startup in 820 ms
19-Sep-2017 22:45:36.001 INFO [ContainerBackgroundProcessor[StandardEngine[Catalina]]] org.apache.catalina.startup.HostConfig.deployDirectory Deploying web application directory [C:\JavaProject\tomcat\webapps\hello]
19-Sep-2017 22:45:36.032 INFO [ContainerBackgroundProcessor[StandardEngine[Catalina]]] org.apache.catalina.startup.HostConfig.deployDirectory Deployment of web application directory [C:\JavaProject\tomcat\webapps\hello] has finished in [31] ms
19-Sep-2017 22:50:36.198 INFO [Thread-5] org.apache.coyote.AbstractProtocol.pause Pausing ProtocolHandler ["http-nio-9999"]
19-Sep-2017 22:50:36.292 INFO [Thread-5] org.apache.coyote.AbstractProtocol.pause Pausing ProtocolHandler ["ajp-nio-8009"]
19-Sep-2017 22:50:36.362 INFO [Thread-5] org.apache.catalina.core.StandardService.stopInternal Stopping service [Catalina]
19-Sep-2017 22:50:36.393 INFO [Thread-5] org.apache.coyote.AbstractProtocol.stop Stopping ProtocolHandler ["http-nio-9999"]
19-Sep-2017 22:50:36.398 INFO [Thread-5] org.apache.coyote.AbstractProtocol.stop Stopping ProtocolHandler ["ajp-nio-8009"]
19-Sep-2017 22:50:36.399 INFO [Thread-5] org.apache.coyote.AbstractProtocol.destroy Destroying ProtocolHandler ["http-nio-9999"]
19-Sep-2017 22:50:36.399 INFO [Thread-5] org.apache.coyote.AbstractProtocol.destroy Destroying ProtocolHandler ["ajp-nio-8009"]
