03-Oct-2017 21:48:22.139 INFO [main] org.apache.catalina.startup.VersionLoggerListener.log Server version:        Apache Tomcat/9.0.0.M26
03-Oct-2017 21:48:22.155 INFO [main] org.apache.catalina.startup.VersionLoggerListener.log Server built:          Aug 2 2017 20:29:05 UTC
03-Oct-2017 21:48:22.155 INFO [main] org.apache.catalina.startup.VersionLoggerListener.log Server number:         9.0.0.0
03-Oct-2017 21:48:22.155 INFO [main] org.apache.catalina.startup.VersionLoggerListener.log OS Name:               Windows 10
03-Oct-2017 21:48:22.155 INFO [main] org.apache.catalina.startup.VersionLoggerListener.log OS Version:            10.0
03-Oct-2017 21:48:22.155 INFO [main] org.apache.catalina.startup.VersionLoggerListener.log Architecture:          amd64
03-Oct-2017 21:48:22.155 INFO [main] org.apache.catalina.startup.VersionLoggerListener.log Java Home:             C:\Program Files\Java\jdk1.8.0_131\jre
03-Oct-2017 21:48:22.155 INFO [main] org.apache.catalina.startup.VersionLoggerListener.log JVM Version:           1.8.0_131-b11
03-Oct-2017 21:48:22.155 INFO [main] org.apache.catalina.startup.VersionLoggerListener.log JVM Vendor:            Oracle Corporation
03-Oct-2017 21:48:22.155 INFO [main] org.apache.catalina.startup.VersionLoggerListener.log CATALINA_BASE:         C:\JavaProject\tomcat
03-Oct-2017 21:48:22.155 INFO [main] org.apache.catalina.startup.VersionLoggerListener.log CATALINA_HOME:         C:\JavaProject\tomcat
03-Oct-2017 21:48:22.155 INFO [main] org.apache.catalina.startup.VersionLoggerListener.log Command line argument: -Djava.util.logging.config.file=C:\JavaProject\tomcat\conf\logging.properties
03-Oct-2017 21:48:22.155 INFO [main] org.apache.catalina.startup.VersionLoggerListener.log Command line argument: -Djava.util.logging.manager=org.apache.juli.ClassLoaderLogManager
03-Oct-2017 21:48:22.155 INFO [main] org.apache.catalina.startup.VersionLoggerListener.log Command line argument: -Djdk.tls.ephemeralDHKeySize=2048
03-Oct-2017 21:48:22.155 INFO [main] org.apache.catalina.startup.VersionLoggerListener.log Command line argument: -Djava.protocol.handler.pkgs=org.apache.catalina.webresources
03-Oct-2017 21:48:22.155 INFO [main] org.apache.catalina.startup.VersionLoggerListener.log Command line argument: -Dcatalina.base=C:\JavaProject\tomcat
03-Oct-2017 21:48:22.155 INFO [main] org.apache.catalina.startup.VersionLoggerListener.log Command line argument: -Dcatalina.home=C:\JavaProject\tomcat
03-Oct-2017 21:48:22.155 INFO [main] org.apache.catalina.startup.VersionLoggerListener.log Command line argument: -Djava.io.tmpdir=C:\JavaProject\tomcat\temp
03-Oct-2017 21:48:22.155 INFO [main] org.apache.catalina.core.AprLifecycleListener.lifecycleEvent The APR based Apache Tomcat Native library which allows optimal performance in production environments was not found on the java.library.path: [C:\Program Files\Java\jdk1.8.0_131\bin;C:\Windows\Sun\Java\bin;C:\Windows\system32;C:\Windows;C:\ProgramData\Oracle\Java\javapath;C:\Program Files (x86)\Intel\iCLS Client\;C:\Program Files\Intel\iCLS Client\;C:\Windows\system32;C:\Windows;C:\Windows\System32\Wbem;C:\Windows\System32\WindowsPowerShell\v1.0\;C:\Program Files (x86)\Intel\Intel(R) Management Engine Components\DAL;C:\Program Files\Intel\Intel(R) Management Engine Components\DAL;C:\Program Files (x86)\Intel\Intel(R) Management Engine Components\IPT;C:\Program Files\Intel\Intel(R) Management Engine Components\IPT;C:\Program Files\Java\jdk1.8.0_131\bin;C:\Users\anilk\AppData\Local\Microsoft\WindowsApps;;.]
03-Oct-2017 21:48:22.639 INFO [main] org.apache.coyote.AbstractProtocol.init Initializing ProtocolHandler ["http-nio-9999"]
03-Oct-2017 21:48:22.708 INFO [main] org.apache.tomcat.util.net.NioSelectorPool.getSharedSelector Using a shared selector for servlet write/read
03-Oct-2017 21:48:22.708 INFO [main] org.apache.coyote.AbstractProtocol.init Initializing ProtocolHandler ["ajp-nio-8009"]
03-Oct-2017 21:48:22.708 INFO [main] org.apache.tomcat.util.net.NioSelectorPool.getSharedSelector Using a shared selector for servlet write/read
03-Oct-2017 21:48:22.708 INFO [main] org.apache.catalina.startup.Catalina.load Initialization processed in 877 ms
03-Oct-2017 21:48:22.755 INFO [main] org.apache.catalina.core.StandardService.startInternal Starting service [Catalina]
03-Oct-2017 21:48:22.755 INFO [main] org.apache.catalina.core.StandardEngine.startInternal Starting Servlet Engine: Apache Tomcat/9.0.0.M26
03-Oct-2017 21:48:22.755 INFO [main] org.apache.catalina.startup.HostConfig.deployDirectory Deploying web application directory [C:\JavaProject\tomcat\webapps\docs]
03-Oct-2017 21:48:23.086 INFO [main] org.apache.catalina.startup.HostConfig.deployDirectory Deployment of web application directory [C:\JavaProject\tomcat\webapps\docs] has finished in [331] ms
03-Oct-2017 21:48:23.086 INFO [main] org.apache.catalina.startup.HostConfig.deployDirectory Deploying web application directory [C:\JavaProject\tomcat\webapps\examples]
03-Oct-2017 21:48:24.010 INFO [main] org.apache.catalina.startup.HostConfig.deployDirectory Deployment of web application directory [C:\JavaProject\tomcat\webapps\examples] has finished in [924] ms
03-Oct-2017 21:48:24.010 INFO [main] org.apache.catalina.startup.HostConfig.deployDirectory Deploying web application directory [C:\JavaProject\tomcat\webapps\hello]
03-Oct-2017 21:48:24.057 INFO [main] org.apache.catalina.startup.HostConfig.deployDirectory Deployment of web application directory [C:\JavaProject\tomcat\webapps\hello] has finished in [47] ms
03-Oct-2017 21:48:24.057 INFO [main] org.apache.catalina.startup.HostConfig.deployDirectory Deploying web application directory [C:\JavaProject\tomcat\webapps\host-manager]
03-Oct-2017 21:48:24.084 INFO [main] org.apache.catalina.startup.HostConfig.deployDirectory Deployment of web application directory [C:\JavaProject\tomcat\webapps\host-manager] has finished in [27] ms
03-Oct-2017 21:48:24.084 INFO [main] org.apache.catalina.startup.HostConfig.deployDirectory Deploying web application directory [C:\JavaProject\tomcat\webapps\manager]
03-Oct-2017 21:48:24.130 INFO [main] org.apache.catalina.startup.HostConfig.deployDirectory Deployment of web application directory [C:\JavaProject\tomcat\webapps\manager] has finished in [46] ms
03-Oct-2017 21:48:24.130 INFO [main] org.apache.catalina.startup.HostConfig.deployDirectory Deploying web application directory [C:\JavaProject\tomcat\webapps\ROOT]
03-Oct-2017 21:48:24.146 INFO [main] org.apache.catalina.startup.HostConfig.deployDirectory Deployment of web application directory [C:\JavaProject\tomcat\webapps\ROOT] has finished in [16] ms
03-Oct-2017 21:48:24.146 INFO [main] org.apache.coyote.AbstractProtocol.start Starting ProtocolHandler ["http-nio-9999"]
03-Oct-2017 21:48:24.162 INFO [main] org.apache.coyote.AbstractProtocol.start Starting ProtocolHandler ["ajp-nio-8009"]
03-Oct-2017 21:48:24.162 INFO [main] org.apache.catalina.startup.Catalina.start Server startup in 1447 ms
03-Oct-2017 21:55:11.910 INFO [Thread-5] org.apache.coyote.AbstractProtocol.pause Pausing ProtocolHandler ["http-nio-9999"]
03-Oct-2017 21:55:12.026 INFO [Thread-5] org.apache.coyote.AbstractProtocol.pause Pausing ProtocolHandler ["ajp-nio-8009"]
03-Oct-2017 21:55:12.092 INFO [Thread-5] org.apache.catalina.core.StandardService.stopInternal Stopping service [Catalina]
03-Oct-2017 21:55:12.111 INFO [Thread-5] org.apache.coyote.AbstractProtocol.stop Stopping ProtocolHandler ["http-nio-9999"]
03-Oct-2017 21:55:12.126 INFO [Thread-5] org.apache.coyote.AbstractProtocol.stop Stopping ProtocolHandler ["ajp-nio-8009"]
03-Oct-2017 21:55:12.126 INFO [Thread-5] org.apache.coyote.AbstractProtocol.destroy Destroying ProtocolHandler ["http-nio-9999"]
03-Oct-2017 21:55:12.126 INFO [Thread-5] org.apache.coyote.AbstractProtocol.destroy Destroying ProtocolHandler ["ajp-nio-8009"]
